C51 COMPILER V9.56.0.0   MAIN                                                              12/09/2017 10:11:44 PAGE 1   


C51 COMPILER V9.56.0.0, COMPILATION OF MODULE MAIN
OBJECT MODULE PLACED IN ..\OBJ\main.obj
COMPILER INVOKED BY: D:\Keil5_C51\C51\BIN\C51.EXE main.c OPTIMIZE(9,SPEED) BROWSE DEBUG OBJECTEXTEND PRINT(.\Listings\ma
                    -in.lst) OBJECT(..\OBJ\main.obj)

line level    source

   1          #include "rtx51tny.h"
   2          
   3          void job0(void) _task_ 0
   4          {
   5   1              os_create_task(1) ;
   6   1      }


MODULE INFORMATION:   STATIC OVERLAYABLE
   CODE SIZE        =      5    ----
   CONSTANT SIZE    =   ----    ----
   XDATA SIZE       =   ----    ----
   PDATA SIZE       =   ----    ----
   DATA SIZE        =   ----    ----
   IDATA SIZE       =   ----    ----
   BIT SIZE         =   ----    ----
END OF MODULE INFORMATION.


C51 COMPILATION COMPLETE.  0 WARNING(S),  0 ERROR(S)
