C51 COMPILER V9.56.0.0   TASK1                                                             12/09/2017 11:00:25 PAGE 1   


C51 COMPILER V9.56.0.0, COMPILATION OF MODULE TASK1
OBJECT MODULE PLACED IN ..\OBJ\task1.obj
COMPILER INVOKED BY: D:\Keil5_C51\C51\BIN\C51.EXE task1.c OPTIMIZE(9,SPEED) BROWSE DEBUG OBJECTEXTEND PRINT(.\Listings\t
                    -ask1.lst) OBJECT(..\OBJ\task1.obj)

line level    source

   1          #include "rtx51tny.h"
   2          
   3          void job1() _task_ 1
   4          {
   5   1      
   6   1      }
   7          


MODULE INFORMATION:   STATIC OVERLAYABLE
   CODE SIZE        =      1    ----
   CONSTANT SIZE    =   ----    ----
   XDATA SIZE       =   ----    ----
   PDATA SIZE       =   ----    ----
   DATA SIZE        =   ----    ----
   IDATA SIZE       =   ----    ----
   BIT SIZE         =   ----    ----
END OF MODULE INFORMATION.


C51 COMPILATION COMPLETE.  0 WARNING(S),  0 ERROR(S)
