C51 COMPILER V9.56.0.0   TASK0                                                             12/09/2017 11:00:11 PAGE 1   


C51 COMPILER V9.56.0.0, COMPILATION OF MODULE TASK0
OBJECT MODULE PLACED IN ..\OBJ\task0.obj
COMPILER INVOKED BY: D:\Keil5_C51\C51\BIN\C51.EXE task0.c OPTIMIZE(9,SPEED) BROWSE DEBUG OBJECTEXTEND PRINT(.\Listings\t
                    -ask0.lst) OBJECT(..\OBJ\task0.obj)

line level    source

   1          #include "rtx51tny.h"
   2          
   3          void job0(void) _task_ 0
   4          {
   5   1              os_create_task(1) ;
   6   1      }


MODULE INFORMATION:   STATIC OVERLAYABLE
   CODE SIZE        =      5    ----
   CONSTANT SIZE    =   ----    ----
   XDATA SIZE       =   ----    ----
   PDATA SIZE       =   ----    ----
   DATA SIZE        =   ----    ----
   IDATA SIZE       =   ----    ----
   BIT SIZE         =   ----    ----
END OF MODULE INFORMATION.


C51 COMPILATION COMPLETE.  0 WARNING(S),  0 ERROR(S)
